<?xml version="1.0" encoding="UTF-8"?>
<testng-results ignored="0" total="3" passed="3" failed="0" skipped="0">
  <reporter-output>
  </reporter-output>
  <suite started-at="2025-09-10T19:53:17 IST" name="Default suite" finished-at="2025-09-10T19:55:21 IST" duration-ms="124528">
    <groups>
      <group name="cucumber">
        <method signature="AbstractTestNGCucumberTests.runScenario(io.cucumber.testng.PickleWrapper,io.cucumber.testng.FeatureWrapper)[pri:0, instance:runner.CucumberRunnerTests@38e79ae3]" name="runScenario" class="io.cucumber.testng.AbstractTestNGCucumberTests"/>
      </group> <!-- cucumber -->
    </groups>
    <test started-at="2025-09-10T19:53:17 IST" name="Default test" finished-at="2025-09-10T19:55:21 IST" duration-ms="124528">
      <class name="runner.CucumberRunnerTests">
        <test-method is-config="true" signature="setUpClass(org.testng.ITestContext)[pri:0, instance:runner.CucumberRunnerTests@38e79ae3]" started-at="2025-09-10T19:53:17 IST" name="setUpClass" finished-at="2025-09-10T19:53:17 IST" duration-ms="278" status="PASS">
          <params>
            <param index="0">
              <value>
                <![CDATA[org.testng.TestRunner@96897c8]]>
              </value>
            </param>
          </params>
          <reporter-output>
          </reporter-output>
        </test-method> <!-- setUpClass -->
        <test-method signature="runScenario(io.cucumber.testng.PickleWrapper,io.cucumber.testng.FeatureWrapper)[pri:0, instance:runner.CucumberRunnerTests@38e79ae3]" started-at="2025-09-10T19:53:17 IST" name="runScenario" description="Runs Cucumber Scenarios" data-provider="scenarios" finished-at="2025-09-10T19:54:08 IST" duration-ms="50424" status="PASS">
          <params>
            <param index="0">
              <value>
                <![CDATA["AddSkills functionality"]]>
              </value>
            </param>
            <param index="1">
              <value>
                <![CDATA["i am automating orangeHRM application"]]>
              </value>
            </param>
          </params>
          <reporter-output>
          </reporter-output>
        </test-method> <!-- runScenario -->
        <test-method signature="runScenario(io.cucumber.testng.PickleWrapper,io.cucumber.testng.FeatureWrapper)[pri:0, instance:runner.CucumberRunnerTests@38e79ae3]" started-at="2025-09-10T19:54:08 IST" name="runScenario" description="Runs Cucumber Scenarios" data-provider="scenarios" finished-at="2025-09-10T19:54:44 IST" duration-ms="36276" status="PASS">
          <params>
            <param index="0">
              <value>
                <![CDATA["AddSkills functionality"]]>
              </value>
            </param>
            <param index="1">
              <value>
                <![CDATA["i am automating orangeHRM application"]]>
              </value>
            </param>
          </params>
          <reporter-output>
          </reporter-output>
        </test-method> <!-- runScenario -->
        <test-method signature="runScenario(io.cucumber.testng.PickleWrapper,io.cucumber.testng.FeatureWrapper)[pri:0, instance:runner.CucumberRunnerTests@38e79ae3]" started-at="2025-09-10T19:54:44 IST" name="runScenario" description="Runs Cucumber Scenarios" data-provider="scenarios" finished-at="2025-09-10T19:55:21 IST" duration-ms="37486" status="PASS">
          <params>
            <param index="0">
              <value>
                <![CDATA["AddSkills functionality"]]>
              </value>
            </param>
            <param index="1">
              <value>
                <![CDATA["i am automating orangeHRM application"]]>
              </value>
            </param>
          </params>
          <reporter-output>
          </reporter-output>
        </test-method> <!-- runScenario -->
        <test-method is-config="true" signature="tearDownClass()[pri:0, instance:runner.CucumberRunnerTests@38e79ae3]" started-at="2025-09-10T19:55:21 IST" name="tearDownClass" finished-at="2025-09-10T19:55:21 IST" duration-ms="18" status="PASS">
          <reporter-output>
          </reporter-output>
        </test-method> <!-- tearDownClass -->
      </class> <!-- runner.CucumberRunnerTests -->
    </test> <!-- Default test -->
  </suite> <!-- Default suite -->
</testng-results>
